<?xml version="1.0" encoding="UTF-8"?>
<beans xmlns="http://www.springframework.org/schema/beans"
       xmlns:xsi="http://www.w3.org/2001/XMLSchema-instance"
       xmlns:context="http://www.springframework.org/schema/context" xmlns:tx="http://www.springframework.org/schema/tx"
       xsi:schemaLocation="http://www.springframework.org/schema/beans http://www.springframework.org/schema/beans/spring-beans.xsd http://www.springframework.org/schema/context http://www.springframework.org/schema/context/spring-context.xsd http://www.springframework.org/schema/tx http://www.springframework.org/schema/tx/spring-tx.xsd">
    <context:annotation-config />
    <context:component-scan base-package="com.qsoft"/>
    <import resource="spring-config.xml"/>

    <bean id="transactionDAO" class="com.qsoft.persistence.dao.impl.TransactionDAOImpl"/>
    <bean id="entityManagerFactory"
        class="org.springframework.orm.jpa.LocalContainerEntityManagerFactoryBean">
        <property name="packagesToScan" value="com.qsoft.persistence.entities" />
        <property name="dataSource" ref="dataSourceTest"/>
        <property name="persistenceUnitName" value="NewPersistenceUnitTest"/>
        <property name="persistenceXmlLocation" value="META-INF/persistenceTest.xml"/>
        <property name="jpaVendorAdapter">
            <bean class="org.springframework.orm.jpa.vendor.HibernateJpaVendorAdapter"/>
        </property>
    </bean>

    <bean id="dataSourceTest" class="org.apache.commons.dbcp.BasicDataSource" destroy-method="close">
        <property name="driverClassName" value="${db.driver}"/>
        <property name="url" value="${db.url}"/>
        <property name="username" value="${db.username}" />
        <property name="password" value="${db.password}" />
    </bean>

    <bean
        class="org.springframework.beans.factory.config.PropertyPlaceholderConfigurer">
        <property name="locations">
            <list>
                <value>dbtest.properties</value>
            </list>
        </property>
        <property name="ignoreResourceNotFound" value="true"/>
    </bean>
    <bean id="transactionManager" class="org.springframework.orm.jpa.JpaTransactionManager">
        <property name="dataSource" ref="dataSourceTest"></property>
    </bean>
    <tx:annotation-driven/>
</beans>